<?xml version="1.0" encoding="UTF-8"?>
<coverage generated="1754998443103" clover="3.2.0">
  <project timestamp="1754998443103" name="All files">
    <metrics statements="90" coveredstatements="90" conditionals="123" coveredconditionals="118" methods="8" coveredmethods="8" elements="221" coveredelements="216" complexity="0" loc="90" ncloc="90" packages="1" files="1" classes="1"/>
    <file name="calculator.js" path="C:\Users\sr\Documents\!prj\revCalc\calculator.js">
      <metrics statements="90" coveredstatements="90" conditionals="123" coveredconditionals="118" methods="8" coveredmethods="8"/>
      <line num="3" count="3" type="cond" truecount="2" falsecount="0"/>
      <line num="4" count="1" type="stmt"/>
      <line num="6" count="2" type="cond" truecount="2" falsecount="0"/>
      <line num="7" count="1" type="stmt"/>
      <line num="9" count="1" type="stmt"/>
      <line num="15" count="12" type="cond" truecount="4" falsecount="0"/>
      <line num="16" count="2" type="cond" truecount="2" falsecount="0"/>
      <line num="19" count="10" type="stmt"/>
      <line num="20" count="10" type="stmt"/>
      <line num="21" count="10" type="stmt"/>
      <line num="23" count="10" type="stmt"/>
      <line num="25" count="10" type="cond" truecount="2" falsecount="0"/>
      <line num="26" count="4" type="cond" truecount="4" falsecount="0"/>
      <line num="27" count="4" type="cond" truecount="3" falsecount="1"/>
      <line num="28" count="4" type="cond" truecount="4" falsecount="0"/>
      <line num="30" count="6" type="stmt"/>
      <line num="31" count="8" type="stmt"/>
      <line num="32" count="8" type="stmt"/>
      <line num="33" count="8" type="cond" truecount="4" falsecount="0"/>
      <line num="34" count="7" type="cond" truecount="4" falsecount="0"/>
      <line num="35" count="5" type="cond" truecount="2" falsecount="0"/>
      <line num="36" count="1" type="stmt"/>
      <line num="38" count="6" type="cond" truecount="2" falsecount="0"/>
      <line num="39" count="6" type="cond" truecount="2" falsecount="0"/>
      <line num="40" count="6" type="cond" truecount="2" falsecount="0"/>
      <line num="43" count="10" type="cond" truecount="3" falsecount="1"/>
      <line num="48" count="9" type="stmt"/>
      <line num="51" count="9" type="cond" truecount="2" falsecount="0"/>
      <line num="52" count="2" type="stmt"/>
      <line num="53" count="2" type="stmt"/>
      <line num="55" count="2" type="cond" truecount="4" falsecount="0"/>
      <line num="56" count="1" type="stmt"/>
      <line num="57" count="1" type="stmt"/>
      <line num="59" count="2" type="stmt"/>
      <line num="63" count="7" type="stmt"/>
      <line num="64" count="7" type="stmt"/>
      <line num="66" count="7" type="stmt"/>
      <line num="67" count="16060" type="cond" truecount="4" falsecount="0"/>
      <line num="68" count="157" type="stmt"/>
      <line num="70" count="16060" type="cond" truecount="2" falsecount="0"/>
      <line num="71" count="288" type="stmt"/>
      <line num="72" count="288" type="stmt"/>
      <line num="75" count="7" type="stmt"/>
      <line num="80" count="4" type="stmt"/>
      <line num="81" count="4" type="stmt"/>
      <line num="82" count="4" type="stmt"/>
      <line num="83" count="4" type="stmt"/>
      <line num="84" count="4" type="stmt"/>
      <line num="86" count="4" type="stmt"/>
      <line num="87" count="11" type="stmt"/>
      <line num="88" count="11" type="stmt"/>
      <line num="90" count="11" type="stmt"/>
      <line num="91" count="315" type="cond" truecount="4" falsecount="0"/>
      <line num="92" count="5" type="stmt"/>
      <line num="94" count="315" type="cond" truecount="4" falsecount="0"/>
      <line num="95" count="10" type="stmt"/>
      <line num="96" count="10" type="stmt"/>
      <line num="100" count="11" type="stmt"/>
      <line num="101" count="11" type="stmt"/>
      <line num="107" count="11" type="stmt"/>
      <line num="109" count="4" type="stmt"/>
      <line num="114" count="2" type="cond" truecount="5" falsecount="0"/>
      <line num="115" count="1" type="stmt"/>
      <line num="116" count="1" type="stmt"/>
      <line num="117" count="1" type="stmt"/>
      <line num="122" count="3" type="cond" truecount="2" falsecount="0"/>
      <line num="124" count="2" type="stmt"/>
      <line num="125" count="2" type="stmt"/>
      <line num="126" count="2" type="stmt"/>
      <line num="128" count="2" type="cond" truecount="1" falsecount="1"/>
      <line num="129" count="2" type="cond" truecount="1" falsecount="1"/>
      <line num="130" count="2" type="cond" truecount="4" falsecount="0"/>
      <line num="131" count="2" type="cond" truecount="4" falsecount="0"/>
      <line num="133" count="2" type="stmt"/>
      <line num="143" count="8" type="stmt"/>
      <line num="144" count="8" type="stmt"/>
      <line num="145" count="8" type="stmt"/>
      <line num="146" count="8" type="stmt"/>
      <line num="149" count="8" type="stmt"/>
      <line num="150" count="206612" type="cond" truecount="4" falsecount="0"/>
      <line num="152" count="206612" type="cond" truecount="4" falsecount="0"/>
      <line num="153" count="19464" type="stmt"/>
      <line num="154" count="187148" type="cond" truecount="2" falsecount="0"/>
      <line num="155" count="36500" type="stmt"/>
      <line num="158" count="206612" type="cond" truecount="5" falsecount="0"/>
      <line num="159" count="206612" type="cond" truecount="5" falsecount="0"/>
      <line num="160" count="206612" type="cond" truecount="5" falsecount="0"/>
      <line num="161" count="206612" type="cond" truecount="5" falsecount="0"/>
      <line num="163" count="206612" type="cond" truecount="7" falsecount="0"/>
      <line num="166" count="8" type="stmt"/>
    </file>
  </project>
</coverage>
