{"C:\\Users\\sr\\Documents\\!prj\\revCalc\\calculator.js": {"path":"C:\\Users\\sr\\Documents\\!prj\\revCalc\\calculator.js","statementMap":{"0":{"start":{"line":3,"column":4},"end":{"line":5,"column":5}},"1":{"start":{"line":4,"column":8},"end":{"line":4,"column":48}},"2":{"start":{"line":6,"column":4},"end":{"line":8,"column":5}},"3":{"start":{"line":7,"column":8},"end":{"line":7,"column":45}},"4":{"start":{"line":9,"column":4},"end":{"line":9,"column":26}},"5":{"start":{"line":15,"column":4},"end":{"line":17,"column":5}},"6":{"start":{"line":16,"column":8},"end":{"line":16,"column":51}},"7":{"start":{"line":19,"column":18},"end":{"line":19,"column":40}},"8":{"start":{"line":20,"column":19},"end":{"line":20,"column":48}},"9":{"start":{"line":21,"column":26},"end":{"line":21,"column":74}},"10":{"start":{"line":23,"column":18},"end":{"line":23,"column":20}},"11":{"start":{"line":25,"column":4},"end":{"line":41,"column":5}},"12":{"start":{"line":26,"column":8},"end":{"line":26,"column":80}},"13":{"start":{"line":26,"column":23},"end":{"line":26,"column":80}},"14":{"start":{"line":27,"column":8},"end":{"line":27,"column":85}},"15":{"start":{"line":27,"column":24},"end":{"line":27,"column":85}},"16":{"start":{"line":28,"column":8},"end":{"line":28,"column":102}},"17":{"start":{"line":28,"column":31},"end":{"line":28,"column":102}},"18":{"start":{"line":30,"column":26},"end":{"line":37,"column":9}},"19":{"start":{"line":31,"column":22},"end":{"line":31,"column":43}},"20":{"start":{"line":32,"column":23},"end":{"line":32,"column":29}},"21":{"start":{"line":33,"column":12},"end":{"line":33,"column":50}},"22":{"start":{"line":33,"column":34},"end":{"line":33,"column":50}},"23":{"start":{"line":34,"column":12},"end":{"line":34,"column":50}},"24":{"start":{"line":34,"column":34},"end":{"line":34,"column":50}},"25":{"start":{"line":35,"column":12},"end":{"line":35,"column":42}},"26":{"start":{"line":35,"column":26},"end":{"line":35,"column":42}},"27":{"start":{"line":36,"column":12},"end":{"line":36,"column":28}},"28":{"start":{"line":38,"column":8},"end":{"line":38,"column":90}},"29":{"start":{"line":38,"column":23},"end":{"line":38,"column":90}},"30":{"start":{"line":39,"column":8},"end":{"line":39,"column":101}},"31":{"start":{"line":39,"column":24},"end":{"line":39,"column":101}},"32":{"start":{"line":40,"column":8},"end":{"line":40,"column":115}},"33":{"start":{"line":40,"column":31},"end":{"line":40,"column":115}},"34":{"start":{"line":43,"column":4},"end":{"line":43,"column":86}},"35":{"start":{"line":48,"column":23},"end":{"line":48,"column":33}},"36":{"start":{"line":51,"column":4},"end":{"line":60,"column":5}},"37":{"start":{"line":52,"column":31},"end":{"line":52,"column":72}},"38":{"start":{"line":53,"column":21},"end":{"line":53,"column":47}},"39":{"start":{"line":55,"column":8},"end":{"line":58,"column":9}},"40":{"start":{"line":56,"column":50},"end":{"line":56,"column":92}},"41":{"start":{"line":57,"column":12},"end":{"line":57,"column":71}},"42":{"start":{"line":59,"column":8},"end":{"line":59,"column":22}},"43":{"start":{"line":63,"column":17},"end":{"line":63,"column":26}},"44":{"start":{"line":64,"column":22},"end":{"line":64,"column":38}},"45":{"start":{"line":66,"column":4},"end":{"line":74,"column":5}},"46":{"start":{"line":66,"column":19},"end":{"line":66,"column":20}},"47":{"start":{"line":67,"column":8},"end":{"line":69,"column":9}},"48":{"start":{"line":68,"column":12},"end":{"line":68,"column":39}},"49":{"start":{"line":70,"column":8},"end":{"line":73,"column":9}},"50":{"start":{"line":71,"column":31},"end":{"line":71,"column":58}},"51":{"start":{"line":72,"column":12},"end":{"line":72,"column":39}},"52":{"start":{"line":75,"column":4},"end":{"line":75,"column":18}},"53":{"start":{"line":80,"column":23},"end":{"line":80,"column":33}},"54":{"start":{"line":81,"column":22},"end":{"line":81,"column":38}},"55":{"start":{"line":82,"column":17},"end":{"line":82,"column":26}},"56":{"start":{"line":83,"column":24},"end":{"line":83,"column":26}},"57":{"start":{"line":84,"column":30},"end":{"line":84,"column":39}},"58":{"start":{"line":86,"column":4},"end":{"line":108,"column":5}},"59":{"start":{"line":86,"column":21},"end":{"line":86,"column":22}},"60":{"start":{"line":87,"column":25},"end":{"line":87,"column":45}},"61":{"start":{"line":88,"column":23},"end":{"line":88,"column":53}},"62":{"start":{"line":90,"column":8},"end":{"line":98,"column":9}},"63":{"start":{"line":90,"column":23},"end":{"line":90,"column":31}},"64":{"start":{"line":91,"column":12},"end":{"line":93,"column":13}},"65":{"start":{"line":92,"column":16},"end":{"line":92,"column":43}},"66":{"start":{"line":94,"column":12},"end":{"line":97,"column":13}},"67":{"start":{"line":95,"column":35},"end":{"line":95,"column":62}},"68":{"start":{"line":96,"column":16},"end":{"line":96,"column":43}},"69":{"start":{"line":100,"column":30},"end":{"line":100,"column":58}},"70":{"start":{"line":101,"column":8},"end":{"line":106,"column":11}},"71":{"start":{"line":107,"column":8},"end":{"line":107,"column":37}},"72":{"start":{"line":109,"column":4},"end":{"line":109,"column":23}},"73":{"start":{"line":114,"column":4},"end":{"line":114,"column":78}},"74":{"start":{"line":114,"column":69},"end":{"line":114,"column":78}},"75":{"start":{"line":115,"column":30},"end":{"line":115,"column":53}},"76":{"start":{"line":116,"column":26},"end":{"line":116,"column":81}},"77":{"start":{"line":117,"column":4},"end":{"line":117,"column":25}},"78":{"start":{"line":122,"column":4},"end":{"line":122,"column":93}},"79":{"start":{"line":122,"column":23},"end":{"line":122,"column":93}},"80":{"start":{"line":124,"column":24},"end":{"line":124,"column":47}},"81":{"start":{"line":125,"column":18},"end":{"line":125,"column":32}},"82":{"start":{"line":126,"column":19},"end":{"line":126,"column":29}},"83":{"start":{"line":128,"column":33},"end":{"line":128,"column":70}},"84":{"start":{"line":129,"column":32},"end":{"line":129,"column":67}},"85":{"start":{"line":130,"column":34},"end":{"line":130,"column":108}},"86":{"start":{"line":131,"column":33},"end":{"line":131,"column":105}},"87":{"start":{"line":133,"column":4},"end":{"line":138,"column":6}},"88":{"start":{"line":143,"column":23},"end":{"line":143,"column":33}},"89":{"start":{"line":144,"column":22},"end":{"line":144,"column":38}},"90":{"start":{"line":145,"column":17},"end":{"line":145,"column":26}},"91":{"start":{"line":146,"column":23},"end":{"line":146,"column":24}},"92":{"start":{"line":146,"column":42},"end":{"line":146,"column":43}},"93":{"start":{"line":146,"column":65},"end":{"line":146,"column":66}},"94":{"start":{"line":146,"column":89},"end":{"line":146,"column":90}},"95":{"start":{"line":149,"column":4},"end":{"line":164,"column":5}},"96":{"start":{"line":149,"column":19},"end":{"line":149,"column":20}},"97":{"start":{"line":150,"column":8},"end":{"line":150,"column":99}},"98":{"start":{"line":150,"column":72},"end":{"line":150,"column":99}},"99":{"start":{"line":152,"column":8},"end":{"line":156,"column":9}},"100":{"start":{"line":153,"column":12},"end":{"line":153,"column":56}},"101":{"start":{"line":154,"column":15},"end":{"line":156,"column":9}},"102":{"start":{"line":155,"column":12},"end":{"line":155,"column":44}},"103":{"start":{"line":158,"column":8},"end":{"line":158,"column":95}},"104":{"start":{"line":158,"column":76},"end":{"line":158,"column":95}},"105":{"start":{"line":159,"column":8},"end":{"line":159,"column":98}},"106":{"start":{"line":159,"column":78},"end":{"line":159,"column":98}},"107":{"start":{"line":160,"column":8},"end":{"line":160,"column":107}},"108":{"start":{"line":160,"column":83},"end":{"line":160,"column":107}},"109":{"start":{"line":161,"column":8},"end":{"line":161,"column":129}},"110":{"start":{"line":161,"column":104},"end":{"line":161,"column":129}},"111":{"start":{"line":163,"column":8},"end":{"line":163,"column":115}},"112":{"start":{"line":163,"column":109},"end":{"line":163,"column":115}},"113":{"start":{"line":166,"column":4},"end":{"line":166,"column":126}}},"fnMap":{"0":{"name":"formatNumber","decl":{"start":{"line":2,"column":16},"end":{"line":2,"column":28}},"loc":{"start":{"line":2,"column":34},"end":{"line":10,"column":1}},"line":2},"1":{"name":"formatTimePeriod","decl":{"start":{"line":14,"column":16},"end":{"line":14,"column":32}},"loc":{"start":{"line":14,"column":52},"end":{"line":44,"column":1}},"line":14},"2":{"name":"(anonymous_2)","decl":{"start":{"line":30,"column":26},"end":{"line":30,"column":27}},"loc":{"start":{"line":30,"column":44},"end":{"line":37,"column":9}},"line":30},"3":{"name":"calculateCompoundInterest","decl":{"start":{"line":47,"column":16},"end":{"line":47,"column":41}},"loc":{"start":{"line":47,"column":125},"end":{"line":76,"column":1}},"line":47},"4":{"name":"calculateMonthlyPlan","decl":{"start":{"line":79,"column":16},"end":{"line":79,"column":36}},"loc":{"start":{"line":79,"column":120},"end":{"line":110,"column":1}},"line":79},"5":{"name":"calculateEffectiveRate","decl":{"start":{"line":113,"column":16},"end":{"line":113,"column":38}},"loc":{"start":{"line":113,"column":73},"end":{"line":118,"column":1}},"line":113},"6":{"name":"calculateAverageProfits","decl":{"start":{"line":121,"column":16},"end":{"line":121,"column":39}},"loc":{"start":{"line":121,"column":74},"end":{"line":139,"column":1}},"line":121},"7":{"name":"calculateMilestones","decl":{"start":{"line":142,"column":16},"end":{"line":142,"column":35}},"loc":{"start":{"line":142,"column":123},"end":{"line":167,"column":1}},"line":142}},"branchMap":{"0":{"loc":{"start":{"line":3,"column":4},"end":{"line":5,"column":5}},"type":"if","locations":[{"start":{"line":3,"column":4},"end":{"line":5,"column":5}},{"start":{},"end":{}}],"line":3},"1":{"loc":{"start":{"line":6,"column":4},"end":{"line":8,"column":5}},"type":"if","locations":[{"start":{"line":6,"column":4},"end":{"line":8,"column":5}},{"start":{},"end":{}}],"line":6},"2":{"loc":{"start":{"line":14,"column":39},"end":{"line":14,"column":50}},"type":"default-arg","locations":[{"start":{"line":14,"column":46},"end":{"line":14,"column":50}}],"line":14},"3":{"loc":{"start":{"line":15,"column":4},"end":{"line":17,"column":5}},"type":"if","locations":[{"start":{"line":15,"column":4},"end":{"line":17,"column":5}},{"start":{},"end":{}}],"line":15},"4":{"loc":{"start":{"line":15,"column":8},"end":{"line":15,"column":26}},"type":"binary-expr","locations":[{"start":{"line":15,"column":8},"end":{"line":15,"column":13}},{"start":{"line":15,"column":17},"end":{"line":15,"column":26}}],"line":15},"5":{"loc":{"start":{"line":16,"column":15},"end":{"line":16,"column":50}},"type":"cond-expr","locations":[{"start":{"line":16,"column":31},"end":{"line":16,"column":38}},{"start":{"line":16,"column":41},"end":{"line":16,"column":50}}],"line":16},"6":{"loc":{"start":{"line":25,"column":4},"end":{"line":41,"column":5}},"type":"if","locations":[{"start":{"line":25,"column":4},"end":{"line":41,"column":5}},{"start":{"line":29,"column":11},"end":{"line":41,"column":5}}],"line":25},"7":{"loc":{"start":{"line":26,"column":8},"end":{"line":26,"column":80}},"type":"if","locations":[{"start":{"line":26,"column":8},"end":{"line":26,"column":80}},{"start":{},"end":{}}],"line":26},"8":{"loc":{"start":{"line":26,"column":46},"end":{"line":26,"column":76}},"type":"cond-expr","locations":[{"start":{"line":26,"column":60},"end":{"line":26,"column":66}},{"start":{"line":26,"column":69},"end":{"line":26,"column":76}}],"line":26},"9":{"loc":{"start":{"line":27,"column":8},"end":{"line":27,"column":85}},"type":"if","locations":[{"start":{"line":27,"column":8},"end":{"line":27,"column":85}},{"start":{},"end":{}}],"line":27},"10":{"loc":{"start":{"line":27,"column":48},"end":{"line":27,"column":81}},"type":"cond-expr","locations":[{"start":{"line":27,"column":63},"end":{"line":27,"column":70}},{"start":{"line":27,"column":73},"end":{"line":27,"column":81}}],"line":27},"11":{"loc":{"start":{"line":28,"column":8},"end":{"line":28,"column":102}},"type":"if","locations":[{"start":{"line":28,"column":8},"end":{"line":28,"column":102}},{"start":{},"end":{}}],"line":28},"12":{"loc":{"start":{"line":28,"column":62},"end":{"line":28,"column":98}},"type":"cond-expr","locations":[{"start":{"line":28,"column":84},"end":{"line":28,"column":89}},{"start":{"line":28,"column":92},"end":{"line":28,"column":98}}],"line":28},"13":{"loc":{"start":{"line":33,"column":12},"end":{"line":33,"column":50}},"type":"if","locations":[{"start":{"line":33,"column":12},"end":{"line":33,"column":50}},{"start":{},"end":{}}],"line":33},"14":{"loc":{"start":{"line":33,"column":16},"end":{"line":33,"column":32}},"type":"binary-expr","locations":[{"start":{"line":33,"column":16},"end":{"line":33,"column":22}},{"start":{"line":33,"column":26},"end":{"line":33,"column":32}}],"line":33},"15":{"loc":{"start":{"line":34,"column":12},"end":{"line":34,"column":50}},"type":"if","locations":[{"start":{"line":34,"column":12},"end":{"line":34,"column":50}},{"start":{},"end":{}}],"line":34},"16":{"loc":{"start":{"line":34,"column":16},"end":{"line":34,"column":32}},"type":"binary-expr","locations":[{"start":{"line":34,"column":16},"end":{"line":34,"column":22}},{"start":{"line":34,"column":26},"end":{"line":34,"column":32}}],"line":34},"17":{"loc":{"start":{"line":35,"column":12},"end":{"line":35,"column":42}},"type":"if","locations":[{"start":{"line":35,"column":12},"end":{"line":35,"column":42}},{"start":{},"end":{}}],"line":35},"18":{"loc":{"start":{"line":38,"column":8},"end":{"line":38,"column":90}},"type":"if","locations":[{"start":{"line":38,"column":8},"end":{"line":38,"column":90}},{"start":{},"end":{}}],"line":38},"19":{"loc":{"start":{"line":39,"column":8},"end":{"line":39,"column":101}},"type":"if","locations":[{"start":{"line":39,"column":8},"end":{"line":39,"column":101}},{"start":{},"end":{}}],"line":39},"20":{"loc":{"start":{"line":40,"column":8},"end":{"line":40,"column":115}},"type":"if","locations":[{"start":{"line":40,"column":8},"end":{"line":40,"column":115}},{"start":{},"end":{}}],"line":40},"21":{"loc":{"start":{"line":43,"column":11},"end":{"line":43,"column":85}},"type":"cond-expr","locations":[{"start":{"line":43,"column":30},"end":{"line":43,"column":45}},{"start":{"line":43,"column":49},"end":{"line":43,"column":84}}],"line":43},"22":{"loc":{"start":{"line":43,"column":49},"end":{"line":43,"column":84}},"type":"cond-expr","locations":[{"start":{"line":43,"column":65},"end":{"line":43,"column":73}},{"start":{"line":43,"column":76},"end":{"line":43,"column":84}}],"line":43},"23":{"loc":{"start":{"line":51,"column":4},"end":{"line":60,"column":5}},"type":"if","locations":[{"start":{"line":51,"column":4},"end":{"line":60,"column":5}},{"start":{},"end":{}}],"line":51},"24":{"loc":{"start":{"line":55,"column":8},"end":{"line":58,"column":9}},"type":"if","locations":[{"start":{"line":55,"column":8},"end":{"line":58,"column":9}},{"start":{},"end":{}}],"line":55},"25":{"loc":{"start":{"line":55,"column":12},"end":{"line":55,"column":59}},"type":"binary-expr","locations":[{"start":{"line":55,"column":12},"end":{"line":55,"column":35}},{"start":{"line":55,"column":39},"end":{"line":55,"column":59}}],"line":55},"26":{"loc":{"start":{"line":67,"column":8},"end":{"line":69,"column":9}},"type":"if","locations":[{"start":{"line":67,"column":8},"end":{"line":69,"column":9}},{"start":{},"end":{}}],"line":67},"27":{"loc":{"start":{"line":67,"column":12},"end":{"line":67,"column":70}},"type":"binary-expr","locations":[{"start":{"line":67,"column":12},"end":{"line":67,"column":35}},{"start":{"line":67,"column":39},"end":{"line":67,"column":70}}],"line":67},"28":{"loc":{"start":{"line":70,"column":8},"end":{"line":73,"column":9}},"type":"if","locations":[{"start":{"line":70,"column":8},"end":{"line":73,"column":9}},{"start":{},"end":{}}],"line":70},"29":{"loc":{"start":{"line":91,"column":12},"end":{"line":93,"column":13}},"type":"if","locations":[{"start":{"line":91,"column":12},"end":{"line":93,"column":13}},{"start":{},"end":{}}],"line":91},"30":{"loc":{"start":{"line":91,"column":16},"end":{"line":91,"column":74}},"type":"binary-expr","locations":[{"start":{"line":91,"column":16},"end":{"line":91,"column":39}},{"start":{"line":91,"column":43},"end":{"line":91,"column":74}}],"line":91},"31":{"loc":{"start":{"line":94,"column":12},"end":{"line":97,"column":13}},"type":"if","locations":[{"start":{"line":94,"column":12},"end":{"line":97,"column":13}},{"start":{},"end":{}}],"line":94},"32":{"loc":{"start":{"line":94,"column":16},"end":{"line":94,"column":66}},"type":"binary-expr","locations":[{"start":{"line":94,"column":16},"end":{"line":94,"column":35}},{"start":{"line":94,"column":39},"end":{"line":94,"column":66}}],"line":94},"33":{"loc":{"start":{"line":105,"column":33},"end":{"line":105,"column":86}},"type":"cond-expr","locations":[{"start":{"line":105,"column":49},"end":{"line":105,"column":82}},{"start":{"line":105,"column":85},"end":{"line":105,"column":86}}],"line":105},"34":{"loc":{"start":{"line":114,"column":4},"end":{"line":114,"column":78}},"type":"if","locations":[{"start":{"line":114,"column":4},"end":{"line":114,"column":78}},{"start":{},"end":{}}],"line":114},"35":{"loc":{"start":{"line":114,"column":8},"end":{"line":114,"column":67}},"type":"binary-expr","locations":[{"start":{"line":114,"column":8},"end":{"line":114,"column":21}},{"start":{"line":114,"column":25},"end":{"line":114,"column":39}},{"start":{"line":114,"column":43},"end":{"line":114,"column":67}}],"line":114},"36":{"loc":{"start":{"line":122,"column":4},"end":{"line":122,"column":93}},"type":"if","locations":[{"start":{"line":122,"column":4},"end":{"line":122,"column":93}},{"start":{},"end":{}}],"line":122},"37":{"loc":{"start":{"line":128,"column":33},"end":{"line":128,"column":70}},"type":"cond-expr","locations":[{"start":{"line":128,"column":46},"end":{"line":128,"column":66}},{"start":{"line":128,"column":69},"end":{"line":128,"column":70}}],"line":128},"38":{"loc":{"start":{"line":129,"column":32},"end":{"line":129,"column":67}},"type":"cond-expr","locations":[{"start":{"line":129,"column":44},"end":{"line":129,"column":63}},{"start":{"line":129,"column":66},"end":{"line":129,"column":67}}],"line":129},"39":{"loc":{"start":{"line":130,"column":34},"end":{"line":130,"column":108}},"type":"cond-expr","locations":[{"start":{"line":130,"column":64},"end":{"line":130,"column":104}},{"start":{"line":130,"column":107},"end":{"line":130,"column":108}}],"line":130},"40":{"loc":{"start":{"line":130,"column":34},"end":{"line":130,"column":61}},"type":"binary-expr","locations":[{"start":{"line":130,"column":34},"end":{"line":130,"column":47}},{"start":{"line":130,"column":51},"end":{"line":130,"column":61}}],"line":130},"41":{"loc":{"start":{"line":131,"column":33},"end":{"line":131,"column":105}},"type":"cond-expr","locations":[{"start":{"line":131,"column":62},"end":{"line":131,"column":101}},{"start":{"line":131,"column":104},"end":{"line":131,"column":105}}],"line":131},"42":{"loc":{"start":{"line":131,"column":33},"end":{"line":131,"column":59}},"type":"binary-expr","locations":[{"start":{"line":131,"column":33},"end":{"line":131,"column":46}},{"start":{"line":131,"column":50},"end":{"line":131,"column":59}}],"line":131},"43":{"loc":{"start":{"line":150,"column":8},"end":{"line":150,"column":99}},"type":"if","locations":[{"start":{"line":150,"column":8},"end":{"line":150,"column":99}},{"start":{},"end":{}}],"line":150},"44":{"loc":{"start":{"line":150,"column":12},"end":{"line":150,"column":70}},"type":"binary-expr","locations":[{"start":{"line":150,"column":12},"end":{"line":150,"column":35}},{"start":{"line":150,"column":39},"end":{"line":150,"column":70}}],"line":150},"45":{"loc":{"start":{"line":152,"column":8},"end":{"line":156,"column":9}},"type":"if","locations":[{"start":{"line":152,"column":8},"end":{"line":156,"column":9}},{"start":{"line":154,"column":15},"end":{"line":156,"column":9}}],"line":152},"46":{"loc":{"start":{"line":152,"column":12},"end":{"line":152,"column":62}},"type":"binary-expr","locations":[{"start":{"line":152,"column":12},"end":{"line":152,"column":31}},{"start":{"line":152,"column":35},"end":{"line":152,"column":62}}],"line":152},"47":{"loc":{"start":{"line":154,"column":15},"end":{"line":156,"column":9}},"type":"if","locations":[{"start":{"line":154,"column":15},"end":{"line":156,"column":9}},{"start":{},"end":{}}],"line":154},"48":{"loc":{"start":{"line":158,"column":8},"end":{"line":158,"column":95}},"type":"if","locations":[{"start":{"line":158,"column":8},"end":{"line":158,"column":95}},{"start":{},"end":{}}],"line":158},"49":{"loc":{"start":{"line":158,"column":12},"end":{"line":158,"column":74}},"type":"binary-expr","locations":[{"start":{"line":158,"column":12},"end":{"line":158,"column":30}},{"start":{"line":158,"column":34},"end":{"line":158,"column":47}},{"start":{"line":158,"column":51},"end":{"line":158,"column":74}}],"line":158},"50":{"loc":{"start":{"line":159,"column":8},"end":{"line":159,"column":98}},"type":"if","locations":[{"start":{"line":159,"column":8},"end":{"line":159,"column":98}},{"start":{},"end":{}}],"line":159},"51":{"loc":{"start":{"line":159,"column":12},"end":{"line":159,"column":76}},"type":"binary-expr","locations":[{"start":{"line":159,"column":12},"end":{"line":159,"column":31}},{"start":{"line":159,"column":35},"end":{"line":159,"column":48}},{"start":{"line":159,"column":52},"end":{"line":159,"column":76}}],"line":159},"52":{"loc":{"start":{"line":160,"column":8},"end":{"line":160,"column":107}},"type":"if","locations":[{"start":{"line":160,"column":8},"end":{"line":160,"column":107}},{"start":{},"end":{}}],"line":160},"53":{"loc":{"start":{"line":160,"column":12},"end":{"line":160,"column":81}},"type":"binary-expr","locations":[{"start":{"line":160,"column":12},"end":{"line":160,"column":35}},{"start":{"line":160,"column":39},"end":{"line":160,"column":52}},{"start":{"line":160,"column":56},"end":{"line":160,"column":81}}],"line":160},"54":{"loc":{"start":{"line":161,"column":8},"end":{"line":161,"column":129}},"type":"if","locations":[{"start":{"line":161,"column":8},"end":{"line":161,"column":129}},{"start":{},"end":{}}],"line":161},"55":{"loc":{"start":{"line":161,"column":12},"end":{"line":161,"column":102}},"type":"binary-expr","locations":[{"start":{"line":161,"column":12},"end":{"line":161,"column":36}},{"start":{"line":161,"column":40},"end":{"line":161,"column":56}},{"start":{"line":161,"column":60},"end":{"line":161,"column":102}}],"line":161},"56":{"loc":{"start":{"line":163,"column":8},"end":{"line":163,"column":115}},"type":"if","locations":[{"start":{"line":163,"column":8},"end":{"line":163,"column":115}},{"start":{},"end":{}}],"line":163},"57":{"loc":{"start":{"line":163,"column":12},"end":{"line":163,"column":107}},"type":"binary-expr","locations":[{"start":{"line":163,"column":12},"end":{"line":163,"column":24}},{"start":{"line":163,"column":28},"end":{"line":163,"column":41}},{"start":{"line":163,"column":45},"end":{"line":163,"column":62}},{"start":{"line":163,"column":67},"end":{"line":163,"column":85}},{"start":{"line":163,"column":89},"end":{"line":163,"column":106}}],"line":163}},"s":{"0":3,"1":1,"2":2,"3":1,"4":1,"5":12,"6":2,"7":10,"8":10,"9":10,"10":10,"11":10,"12":4,"13":3,"14":4,"15":2,"16":4,"17":2,"18":6,"19":8,"20":8,"21":8,"22":1,"23":7,"24":2,"25":5,"26":4,"27":1,"28":6,"29":3,"30":6,"31":1,"32":6,"33":4,"34":10,"35":9,"36":9,"37":2,"38":2,"39":2,"40":1,"41":1,"42":2,"43":7,"44":7,"45":7,"46":7,"47":16060,"48":157,"49":16060,"50":288,"51":288,"52":7,"53":4,"54":4,"55":4,"56":4,"57":4,"58":4,"59":4,"60":11,"61":11,"62":11,"63":11,"64":315,"65":5,"66":315,"67":10,"68":10,"69":11,"70":11,"71":11,"72":4,"73":2,"74":1,"75":1,"76":1,"77":1,"78":3,"79":1,"80":2,"81":2,"82":2,"83":2,"84":2,"85":2,"86":2,"87":2,"88":8,"89":8,"90":8,"91":8,"92":8,"93":8,"94":8,"95":8,"96":8,"97":206612,"98":1483,"99":206612,"100":19464,"101":187148,"102":36500,"103":206612,"104":6,"105":206612,"106":5,"107":206612,"108":4,"109":206612,"110":2,"111":206612,"112":4,"113":8},"f":{"0":3,"1":12,"2":8,"3":9,"4":4,"5":2,"6":3,"7":8},"b":{"0":[1,2],"1":[1,1],"2":[0],"3":[2,10],"4":[12,10],"5":[1,1],"6":[4,6],"7":[3,1],"8":[2,1],"9":[2,2],"10":[2,0],"11":[2,2],"12":[1,1],"13":[1,7],"14":[8,1],"15":[2,5],"16":[7,3],"17":[4,1],"18":[3,3],"19":[1,5],"20":[4,2],"21":[9,1],"22":[0,1],"23":[2,7],"24":[1,1],"25":[2,1],"26":[157,15903],"27":[16060,4745],"28":[288,15772],"29":[5,310],"30":[315,150],"31":[10,305],"32":[315,315],"33":[8,3],"34":[1,1],"35":[2,2,2],"36":[1,2],"37":[2,0],"38":[2,0],"39":[1,1],"40":[2,1],"41":[1,1],"42":[2,1],"43":[1483,205129],"44":[206612,44530],"45":[19464,187148],"46":[206612,170112],"47":[36500,150648],"48":[6,206606],"49":[206612,110871,37871],"50":[5,206607],"51":[206612,170927,97927],"52":[4,206608],"53":[206612,206612,133612],"54":[2,206610],"55":[206612,164632,39050],"56":[4,206608],"57":[206612,95747,35690,4,3]},"_coverageSchema":"1a1c01bbd47fc00a2c39e90264f33305004495a9","hash":"9560a6ca3d569fca92c5227dfa440f9366e348f1"}
}
