TN:
SF:calculator.js
FN:2,formatNumber
FN:14,formatTimePeriod
FN:30,(anonymous_2)
FN:47,calculateCompoundInterest
FN:79,calculateMonthlyPlan
FN:113,calculateEffectiveRate
FN:121,calculateAverageProfits
FN:142,calculateMilestones
FNF:8
FNH:8
FNDA:3,formatNumber
FNDA:12,formatTimePeriod
FNDA:8,(anonymous_2)
FNDA:9,calculateCompoundInterest
FNDA:4,calculateMonthlyPlan
FNDA:2,calculateEffectiveRate
FNDA:3,calculateAverageProfits
FNDA:8,calculateMilestones
DA:3,3
DA:4,1
DA:6,2
DA:7,1
DA:9,1
DA:15,12
DA:16,2
DA:19,10
DA:20,10
DA:21,10
DA:23,10
DA:25,10
DA:26,4
DA:27,4
DA:28,4
DA:30,6
DA:31,8
DA:32,8
DA:33,8
DA:34,7
DA:35,5
DA:36,1
DA:38,6
DA:39,6
DA:40,6
DA:43,10
DA:48,9
DA:51,9
DA:52,2
DA:53,2
DA:55,2
DA:56,1
DA:57,1
DA:59,2
DA:63,7
DA:64,7
DA:66,7
DA:67,16060
DA:68,157
DA:70,16060
DA:71,288
DA:72,288
DA:75,7
DA:80,4
DA:81,4
DA:82,4
DA:83,4
DA:84,4
DA:86,4
DA:87,11
DA:88,11
DA:90,11
DA:91,315
DA:92,5
DA:94,315
DA:95,10
DA:96,10
DA:100,11
DA:101,11
DA:107,11
DA:109,4
DA:114,2
DA:115,1
DA:116,1
DA:117,1
DA:122,3
DA:124,2
DA:125,2
DA:126,2
DA:128,2
DA:129,2
DA:130,2
DA:131,2
DA:133,2
DA:143,8
DA:144,8
DA:145,8
DA:146,8
DA:149,8
DA:150,206612
DA:152,206612
DA:153,19464
DA:154,187148
DA:155,36500
DA:158,206612
DA:159,206612
DA:160,206612
DA:161,206612
DA:163,206612
DA:166,8
LF:90
LH:90
BRDA:3,0,0,1
BRDA:3,0,1,2
BRDA:6,1,0,1
BRDA:6,1,1,1
BRDA:14,2,0,0
BRDA:15,3,0,2
BRDA:15,3,1,10
BRDA:15,4,0,12
BRDA:15,4,1,10
BRDA:16,5,0,1
BRDA:16,5,1,1
BRDA:25,6,0,4
BRDA:25,6,1,6
BRDA:26,7,0,3
BRDA:26,7,1,1
BRDA:26,8,0,2
BRDA:26,8,1,1
BRDA:27,9,0,2
BRDA:27,9,1,2
BRDA:27,10,0,2
BRDA:27,10,1,0
BRDA:28,11,0,2
BRDA:28,11,1,2
BRDA:28,12,0,1
BRDA:28,12,1,1
BRDA:33,13,0,1
BRDA:33,13,1,7
BRDA:33,14,0,8
BRDA:33,14,1,1
BRDA:34,15,0,2
BRDA:34,15,1,5
BRDA:34,16,0,7
BRDA:34,16,1,3
BRDA:35,17,0,4
BRDA:35,17,1,1
BRDA:38,18,0,3
BRDA:38,18,1,3
BRDA:39,19,0,1
BRDA:39,19,1,5
BRDA:40,20,0,4
BRDA:40,20,1,2
BRDA:43,21,0,9
BRDA:43,21,1,1
BRDA:43,22,0,0
BRDA:43,22,1,1
BRDA:51,23,0,2
BRDA:51,23,1,7
BRDA:55,24,0,1
BRDA:55,24,1,1
BRDA:55,25,0,2
BRDA:55,25,1,1
BRDA:67,26,0,157
BRDA:67,26,1,15903
BRDA:67,27,0,16060
BRDA:67,27,1,4745
BRDA:70,28,0,288
BRDA:70,28,1,15772
BRDA:91,29,0,5
BRDA:91,29,1,310
BRDA:91,30,0,315
BRDA:91,30,1,150
BRDA:94,31,0,10
BRDA:94,31,1,305
BRDA:94,32,0,315
BRDA:94,32,1,315
BRDA:105,33,0,8
BRDA:105,33,1,3
BRDA:114,34,0,1
BRDA:114,34,1,1
BRDA:114,35,0,2
BRDA:114,35,1,2
BRDA:114,35,2,2
BRDA:122,36,0,1
BRDA:122,36,1,2
BRDA:128,37,0,2
BRDA:128,37,1,0
BRDA:129,38,0,2
BRDA:129,38,1,0
BRDA:130,39,0,1
BRDA:130,39,1,1
BRDA:130,40,0,2
BRDA:130,40,1,1
BRDA:131,41,0,1
BRDA:131,41,1,1
BRDA:131,42,0,2
BRDA:131,42,1,1
BRDA:150,43,0,1483
BRDA:150,43,1,205129
BRDA:150,44,0,206612
BRDA:150,44,1,44530
BRDA:152,45,0,19464
BRDA:152,45,1,187148
BRDA:152,46,0,206612
BRDA:152,46,1,170112
BRDA:154,47,0,36500
BRDA:154,47,1,150648
BRDA:158,48,0,6
BRDA:158,48,1,206606
BRDA:158,49,0,206612
BRDA:158,49,1,110871
BRDA:158,49,2,37871
BRDA:159,50,0,5
BRDA:159,50,1,206607
BRDA:159,51,0,206612
BRDA:159,51,1,170927
BRDA:159,51,2,97927
BRDA:160,52,0,4
BRDA:160,52,1,206608
BRDA:160,53,0,206612
BRDA:160,53,1,206612
BRDA:160,53,2,133612
BRDA:161,54,0,2
BRDA:161,54,1,206610
BRDA:161,55,0,206612
BRDA:161,55,1,164632
BRDA:161,55,2,39050
BRDA:163,56,0,4
BRDA:163,56,1,206608
BRDA:163,57,0,206612
BRDA:163,57,1,95747
BRDA:163,57,2,35690
BRDA:163,57,3,4
BRDA:163,57,4,3
BRF:123
BRH:118
end_of_record
